<?xml version="1.0" encoding="utf-8"?><testsuites name="pytest tests"><testsuite name="pytest" errors="0" failures="0" skipped="0" tests="21" time="8.811" timestamp="2026-09-14T03:00:40.719115+00:00" hostname="agent-env-30f0f792-ce14-4026-85bc-0b5d6c27b289"><testcase classname="tests.backend_test" name="test_root" time="0.516" /><testcase classname="tests.backend_test" name="test_list_categories_public" time="0.127" /><testcase classname="tests.backend_test" name="test_login_invalid" time="0.479" /><testcase classname="tests.backend_test" name="test_auth_me_requires_auth" time="0.145" /><testcase classname="tests.backend_test" name="test_auth_me_ok" time="0.513" /><testcase classname="tests.backend_test" name="test_login_sets_httponly_cookies" time="0.392" /><testcase classname="tests.backend_test" name="test_ticket_missing_requester_fields" time="0.208" /><testcase classname="tests.backend_test" name="test_ticket_missing_category" time="0.171" /><testcase classname="tests.backend_test" name="test_ticket_created" time="0.378" /><testcase classname="tests.backend_test" name="test_track_by_number" time="0.118" /><testcase classname="tests.backend_test" name="test_track_by_email" time="0.118" /><testcase classname="tests.backend_test" name="test_track_by_matricula" time="0.156" /><testcase classname="tests.backend_test" name="test_admin_list_tickets" time="0.085" /><testcase classname="tests.backend_test" name="test_admin_search_ticket" time="0.083" /><testcase classname="tests.backend_test" name="test_admin_stats" time="0.092" /><testcase classname="tests.backend_test" name="test_update_status_and_track_reflects" time="0.257" /><testcase classname="tests.backend_test" name="test_download_file_requires_auth" time="0.168" /><testcase classname="tests.backend_test" name="test_download_file_ok" time="0.282" /><testcase classname="tests.backend_test" name="test_email_log_field" time="3.088" /><testcase classname="tests.backend_test" name="test_category_crud" time="0.419" /><testcase classname="tests.backend_test" name="test_category_create_requires_auth" time="0.167" /></testsuite></testsuites>